This is pdfTeX, Version 3.14159265-2.6-1.40.20 (MiKTeX 2.9.7000 64-bit) (preloaded format=latex 2020.9.2)  10 DEC 2021 03:04
entering extended mode
**D:/PhD/THESIS/THESIS_Template/Chapter_5.tex
(D:/PhD/THESIS/THESIS_Template/Chapter_5.tex
LaTeX2e <2018-12-01>
! Undefined control sequence.
l.1 \chapter
            {Synthesis of a Sparse 2D-Scanning Array using Particle Swarm Op...

? 
! Emergency stop.
l.1 \chapter
            {Synthesis of a Sparse 2D-Scanning Array using Particle Swarm Op...
End of file on the terminal!

 
Here is how much of TeX's memory you used:
 8 strings out of 492946
 217 string characters out of 3135534
 56613 words of memory out of 3000000
 4005 multiletter control sequences out of 15000+200000
 3640 words of font info for 14 fonts, out of 3000000 for 9000
 1141 hyphenation exceptions out of 8191
 5i,0n,1p,154b,8s stack positions out of 5000i,500n,10000p,200000b,50000s
No pages of output.
